[+] 22:27:36.287197: File /home/ca5p3r/Downloads/locations_table/loc.shp added
[+] 22:27:36.287197: Attributes are:
	[*] field_1
	[*] field_2
	[*] lat
	[*] long
[+] 22:27:49.010287: File /home/ca5p3r/Downloads/locations_table/loc.shp added
[+] 22:27:49.010287: Attributes are:
	[*] field_1
	[*] field_2
	[*] lat
	[*] long
[+] 22:28:17.257547: File import: Success
[+] 22:28:21.812854: File /home/ca5p3r/Downloads/locations_table/loc.shp added
[+] 22:28:21.812854: Attributes are:
	[*] field_1
	[*] field_2
	[*] lat
	[*] long
[+] 22:28:51.439031: File import: Success
[+] 22:28:56.415033: File /home/ca5p3r/Downloads/locations_table/loc.shp added
[+] 22:28:56.415033: Attributes are:
	[*] field_1
	[*] field_2
	[*] lat
	[*] long
[+] 22:29:25.374646: File import: Success
[+] 22:29:42.682341: File /home/ca5p3r/Downloads/locations_table/loc.shp added
[+] 22:29:42.682341: Attributes are:
	[*] field_1
	[*] field_2
	[*] lat
	[*] long
[+] 22:30:01.520441: File import: Success
[+] 22:30:19.046685: File /home/ca5p3r/Downloads/locations_table/loc.shp added
[+] 22:30:19.046685: Attributes are:
	[*] field_1
	[*] field_2
	[*] lat
	[*] long
[+] 22:30:36.224560: File import: Success
[+] 22:30:40.166180: File /home/ca5p3r/Downloads/locations_table/loc.shp added
[+] 22:30:40.166180: Attributes are:
	[*] field_1
	[*] field_2
	[*] lat
	[*] long
[+] 22:31:10.189574: File import: Success
[+] 22:31:26.907573: File /home/ca5p3r/Downloads/locations_table/loc.shp added
[+] 22:31:26.907573: Attributes are:
	[*] field_1
	[*] field_2
	[*] lat
	[*] long
[+] 22:31:43.993603: File import: Success