[+] 16:04:17.163374: File /home/ca5p3r/Penta-B/Tasks/Inovar/Parcels/rawaby_zone.shp added
[+] 16:04:17.163374: Attributes are:
	[*] objectid
	[*] join_count
	[*] target_fid
	[*] parcelid
	[*] parcelno
	[*] parcelnool
	[*] blockno
	[*] parcelname
	[*] mahdarid
	[*] mahdarno
	[*] mahdardate
	[*] mahdersour
	[*] planid
	[*] planno
	[*] planblocki
	[*] submunicip
	[*] district
	[*] buildingus
	[*] parcelsubt
	[*] landuseagr
	[*] landuseade
	[*] checkstatu
	[*] checkbygis
	[*] parcelnof
	[*] flgblocked
	[*] is_label_h
	[*] parcel_es_
	[*] filter
	[*] unifiednum
	[*] sakno
	[*] report_num
	[*] landsource
	[*] chack_faci
	[*] notes
	[*] last_updat
	[*] created_us
	[*] created_da
	[*] last_edite
	[*] last_edi_1
	[*] from_sourc
	[*] blockid_ad
	[*] subhayid_a
	[*] hayid_ada
	[*] submunic_1
	[*] submunic_a
	[*] areaid_ada
	[*] areaname_a
	[*] sectorid_a
	[*] sectorname
	[*] parceluse_
	[*] otheruse_a
	[*] source2
	[*] ada_landma
	[*] parcel_no_
	[*] ref_name_e
	[*] ref_pdf_ex
	[*] rule_id_ex
	[*] thirteen_d
	[*] hayname_ad
	[*] btype_ada
	[*] bcondition
	[*] bmaterial_
	[*] floorbelow
	[*] floorabove
	[*] dwellingun
	[*] establishm
	[*] idno_gis_a
	[*] catby17_16
	[*] centermahd
	[*] landmarkid
	[*] building_1
	[*] building_2
	[*] statusfin
	[*] problempar
	[*] duplicated
	[*] parcelidol
	[*] parcelsour
	[*] isparcelne
	[*] bldgregsta
	[*] squares
	[*] shape_leng
	[*] shape_area
[-] 16:04:52.437381: Error: The file contains mixed geometries, which is not supported, please export file as GeoJSON from QGIS or make sure the file of single geometry and try again!
[+] 16:05:50.748373: File /home/ca5p3r/Penta-B/Tasks/Inovar/Parcels/rawaby_zone.geojson added
[+] 16:05:50.748373: Attributes are:
	[*] objectid
	[*] join_count
	[*] target_fid
	[*] parcelid
	[*] parcelno
	[*] parcelnool
	[*] blockno
	[*] parcelname
	[*] mahdarid
	[*] mahdarno
	[*] mahdardate
	[*] mahdersour
	[*] planid
	[*] planno
	[*] planblocki
	[*] submunicip
	[*] district
	[*] buildingus
	[*] parcelsubt
	[*] landuseagr
	[*] landuseade
	[*] checkstatu
	[*] checkbygis
	[*] parcelnof
	[*] flgblocked
	[*] is_label_h
	[*] parcel_es_
	[*] filter
	[*] unifiednum
	[*] sakno
	[*] report_num
	[*] landsource
	[*] chack_faci
	[*] notes
	[*] last_updat
	[*] created_us
	[*] created_da
	[*] last_edite
	[*] last_edi_1
	[*] from_sourc
	[*] blockid_ad
	[*] subhayid_a
	[*] hayid_ada
	[*] submunic_1
	[*] submunic_a
	[*] areaid_ada
	[*] areaname_a
	[*] sectorid_a
	[*] sectorname
	[*] parceluse_
	[*] otheruse_a
	[*] source2
	[*] ada_landma
	[*] parcel_no_
	[*] ref_name_e
	[*] ref_pdf_ex
	[*] rule_id_ex
	[*] thirteen_d
	[*] hayname_ad
	[*] btype_ada
	[*] bcondition
	[*] bmaterial_
	[*] floorbelow
	[*] floorabove
	[*] dwellingun
	[*] establishm
	[*] idno_gis_a
	[*] catby17_16
	[*] centermahd
	[*] landmarkid
	[*] building_1
	[*] building_2
	[*] statusfin
	[*] problempar
	[*] duplicated
	[*] parcelidol
	[*] parcelsour
	[*] isparcelne
	[*] bldgregsta
	[*] squares
	[*] shape_leng
	[*] shape_area
[+] 16:06:10.805330: File import: Success